[LOG] System::create                           : Header version = 1.10.03. Current version = 1.10.03.
[LOG] SystemI::setOutputInternal               : Setting output to 'FMOD WASAPI Output'
[LOG] Manager::init                            : maxchannels = 1024 studioflags = 00000009 flags 00000000 extradriverdata 0000000000000000.
[LOG] SystemI::init                            : Initialize version=11003 (93157), maxchannels=1024, flags=0x00030000
[LOG] OutputWASAPI::init                       : Mix Format (WAVEFORMATEX): wFormatTag=0xFFFE, nChannels=2, nSamplesPerSec=44100, nAvgBytesPerSec=352800, nBlockAlign=8, wBitsPerSample=32, cbSize=22.
[LOG] OutputWASAPI::init                       : Mix Format (WAVEFORMATEXTENSIBLE): wValidBitsPerSample=32, dwChannelMask=0x00000003, SubFormat=00000003-0000-0010-8000-00AA00389B71.
[LOG] OutputWASAPI::init                       : Output buffer size: 3760 samples, latency: 0.00ms, period: 10.16ms, DSP buffer: 1024 * 4
[WRN] SystemI::init                            : Output requires a sample rate of 44100Hz, resampling will occur.
[LOG] Thread::initThread                       : Init FMOD stream thread. Priority: 2, Stack Size: 65536, Semaphore: No, Sleep Time: 10, Looping: Yes.
[LOG] SystemI::DSPCodecPoolRegister            : register codec pool for pool type 5
[LOG] Thread::initThread                       : Init FMOD mixer thread. Priority: 3, Stack Size: 49152, Semaphore: No, Sleep Time: 0, Looping: Yes.
[LOG] AsyncManager::init                       : manager 000000004445D3A8 isAsync 1 updatePeriod 0.02
[LOG] Thread::initThread                       : Init FMOD Studio update thread. Priority: 0, Stack Size: 65536, Semaphore: No, Sleep Time: 1, Looping: No.
[LOG] AsyncManager::init                       : done
[LOG] PlaybackSystem::init                     : 
[LOG] Thread::initThread                       : Init FMOD Studio sample load thread. Priority: 0, Stack Size: 65536, Semaphore: No, Sleep Time: 1, Looping: No.
[LOG] PlaybackSystem::init                     : done
[LOG] LiveUpdate::init                         : 
[LOG] Thread::initThread                       : Init FMOD Studio bank load thread. Priority: 0, Stack Size: 65536, Semaphore: No, Sleep Time: 1, Looping: No.
[LOG] Manager::init                            : done.
[LOG] Profile::init                            : Profiler listening on port: 9264
[LOG] Manager::readBank                        : fileversion = 99, compatVersion = 99 (oldest = 44, newest = 100)
[LOG] Manager::readBank                        : fileversion = 99, compatVersion = 99 (oldest = 44, newest = 100)
[LOG] PlaybackSystem::acquireMasterBus         : Setting master channel group format to 6
[LOG] SystemI::createSound                     : filename = Assets\FMOD\Void\Build\Desktop/Master Bank.bank : mode 02010082
[LOG] SystemI::createSound                     : FMOD_NONBLOCKING specified.  Putting into queue to be opened asynchronously!
[LOG] Thread::initThread                       : Init FMOD nonblocking thread (0). Priority: 1, Stack Size: 81920, Semaphore: Yes, Sleep Time: 0, Looping: Yes.
[LOG] SystemI::createSound                     : setdata soundi = 000000004939ACE8 : node = 0000000030316D80
[LOG] SystemI::createSound                     : add node to async list : head = 0000000049098238.  list count = 0
[LOG] AsyncThread::threadFunc                  : Starting Asynchronous operation on sound 000000004939ACE8
[LOG] SystemI::createSoundInternal             :     Create name='Assets\FMOD\Void\Build\Desktop/Master Bank.bank', mode=0x02010082
[LOG] SystemI::createSoundInternal             :     exinfo->cbsize             = 232
[LOG] SystemI::createSoundInternal             :     exinfo->length             = 2008672
[LOG] SystemI::createSoundInternal             :     exinfo->fileoffset         = 82400
[LOG] SystemI::createSoundInternal             :     exinfo->numsubsounds       = 1
[LOG] SystemI::createSoundInternal             :     exinfo->inclusionlist      = 0000000030316E98
[LOG] SystemI::createSoundInternal             :     exinfo->inclusionlistnum   = 1
[LOG] SystemI::createSoundInternal             :     exinfo->suggestedsoundtype = 5
[LOG] SystemI::createSoundInternal             :     exinfo->initialseekpostype = 1
[LOG] SystemI::createSoundInternal             :     Create name='', mode=0x02000202
[LOG] SystemI::createSoundInternal             :     exinfo->cbsize             = 232
[LOG] SystemI::createSoundInternal             :     exinfo->length             = 2008672
[LOG] SystemI::createSoundInternal             :     exinfo->fileoffset         = 82400
[LOG] SystemI::createSoundInternal             :     exinfo->numsubsounds       = 1
[LOG] SystemI::createSoundInternal             :     exinfo->inclusionlist      = 000000007FB8F5FC
[LOG] SystemI::createSoundInternal             :     exinfo->inclusionlistnum   = 1
[LOG] SystemI::createSoundInternal             :     exinfo->suggestedsoundtype = 5
[LOG] SystemI::createSoundInternal             :     exinfo->useropen           = 00007FF8BAF65EC0
[LOG] SystemI::createSoundInternal             :     exinfo->userclose          = 00007FF8BAF65E90
[LOG] SystemI::createSoundInternal             :     exinfo->userread           = 00007FF8BAF65F90
[LOG] SystemI::createSoundInternal             :     exinfo->userseek           = 00007FF8BAF66040
[LOG] SystemI::createSoundInternal             :     exinfo->fileuserdata       = 000000001448C618
[LOG] SystemI::createSoundInternal             :     exinfo->initialseekpostype = 1
[LOG] SystemI::DSPCodecPoolRegister            :     register codec pool for pool type 5
[LOG] SystemI::createSoundInternal             :     Sample 0/1: name='Space Sounds_1', format=2, channels=2, frequency=48000, lengthbytes=45184, lengthpcm=274432, pcmblocksize=0, loopstart=0, loopend=0, mode=0x00000000, channelmask=0x00000000, channelorder=0, peakvolume=0.032335.
[LOG] SystemI::createSoundInternal             :     Stream 0/1: name='Void Music', format=2, channels=2, frequency=48000, lengthbytes=832224, lengthpcm=4388464, pcmblocksize=0, loopstart=0, loopend=0, mode=0x00000000, channelmask=0x00000000, channelorder=0, peakvolume=0.272110.
[LOG] SystemI::createSoundInternal             :     Create name='', mode=0x02000202
[LOG] SystemI::createSoundInternal             :     exinfo->cbsize             = 232
[LOG] SystemI::createSoundInternal             :     exinfo->length             = 2008672
[LOG] SystemI::createSoundInternal             :     exinfo->fileoffset         = 82400
[LOG] SystemI::createSoundInternal             :     exinfo->numsubsounds       = 1
[LOG] SystemI::createSoundInternal             :     exinfo->inclusionlist      = 000000007FB8F5FC
[LOG] SystemI::createSoundInternal             :     exinfo->inclusionlistnum   = 1
[LOG] SystemI::createSoundInternal             :     exinfo->suggestedsoundtype = 5
[LOG] SystemI::createSoundInternal             :     exinfo->useropen           = 00007FF8BAF65EC0
[LOG] SystemI::createSoundInternal             :     exinfo->userclose          = 00007FF8BAF65E90
[LOG] SystemI::createSoundInternal             :     exinfo->userread           = 00007FF8BAF65F90
[LOG] SystemI::createSoundInternal             :     exinfo->userseek           = 00007FF8BAF66040
[LOG] SystemI::createSoundInternal             :     exinfo->fileuserdata       = 000000001448C618
[LOG] SystemI::createSoundInternal             :     exinfo->initialseekpostype = 1
[LOG] SystemI::DSPCodecPoolRegister            :     register codec pool for pool type 5
[LOG] SystemI::createSoundInternal             :     Sample 0/1: name='Ship Squeak', format=2, channels=2, frequency=48000, lengthbytes=40192, lengthpcm=195328, pcmblocksize=0, loopstart=0, loopend=0, mode=0x00000000, channelmask=0x00000000, channelorder=0, peakvolume=0.023467.
[LOG] SystemI::createSoundInternal             :     Create name='', mode=0x02000202
[LOG] SystemI::createSoundInternal             :     exinfo->cbsize             = 232
[LOG] SystemI::createSoundInternal             :     exinfo->length             = 2008672
[LOG] SystemI::createSoundInternal             :     exinfo->fileoffset         = 82400
[LOG] SystemI::createSoundInternal             :     exinfo->numsubsounds       = 1
[LOG] SystemI::createSoundInternal             :     exinfo->inclusionlist      = 000000007FB8F5FC
[LOG] SystemI::createSoundInternal             :     exinfo->inclusionlistnum   = 1
[LOG] SystemI::createSoundInternal             :     exinfo->suggestedsoundtype = 5
[LOG] SystemI::createSoundInternal             :     exinfo->useropen           = 00007FF8BAF65EC0
[LOG] SystemI::createSoundInternal             :     exinfo->userclose          = 00007FF8BAF65E90
[LOG] SystemI::createSoundInternal             :     exinfo->userread           = 00007FF8BAF65F90
[LOG] SystemI::createSoundInternal             :     exinfo->userseek           = 00007FF8BAF66040
[LOG] SystemI::createSoundInternal             :     exinfo->fileuserdata       = 000000001448C618
[LOG] SystemI::createSoundInternal             :     exinfo->initialseekpostype = 1
[LOG] SystemI::DSPCodecPoolRegister            :     register codec pool for pool type 5
[LOG] SystemI::createSoundInternal             :     Sample 0/1: name='Space Sounds_2', format=2, channels=2, frequency=48000, lengthbytes=12704, lengthpcm=129024, pcmblocksize=0, loopstart=0, loopend=0, mode=0x00000000, channelmask=0x00000000, channelorder=0, peakvolume=0.009750.
[LOG] Thread::initThread                       :     Init FMOD file thread. Priority: 1, Stack Size: 16384, Semaphore: No, Sleep Time: 10, Looping: Yes.
[LOG] AsyncThread::threadFunc                  : Finished Asynchronous operation on sound 000000004939ACE8
[LOG] SoundI::getSubSound                      : sound 000000004939ACE8.  Subsound index 0 / 1
[LOG] SystemI::createSound                     : filename = Assets\FMOD\Void\Build\Desktop/Master Bank.bank : mode 02010082
[LOG] SystemI::createSound                     : FMOD_NONBLOCKING specified.  Putting into queue to be opened asynchronously!
[LOG] SystemI::createSound                     : setdata soundi = 00000000496774B8 : node = 0000000030316ED0
[LOG] SystemI::createSound                     : add node to async list : head = 0000000049098238.  list count = 0
[LOG] AsyncThread::threadFunc                  : Starting Asynchronous operation on sound 00000000496774B8
[LOG] SystemI::createSound                     : filename = Assets\FMOD\Void\Build\Desktop/Master Bank.bank : mode 02010082
[LOG] SystemI::createSoundInternal             :     Create name='Assets\FMOD\Void\Build\Desktop/Master Bank.bank', mode=0x02010082
[LOG] SystemI::createSound                     :     FMOD_NONBLOCKING specified.  Putting into queue to be opened asynchronously!
[LOG] SystemI::createSoundInternal             :     exinfo->cbsize             = 232
[LOG] SystemI::createSound                     :     setdata soundi = 0000000049677308 : node = 0000000030315730
[LOG] SystemI::createSoundInternal             :     exinfo->length             = 2008672
[LOG] SystemI::createSound                     :     add node to async list : head = 0000000049098238.  list count = 0
[LOG] SystemI::createSoundInternal             :     exinfo->fileoffset         = 82400
[LOG] SystemI::createSoundInternal             :     exinfo->numsubsounds       = 1
[LOG] SystemI::createSoundInternal             :     exinfo->inclusionlist      = 0000000030316FE8
[LOG] SystemI::createSoundInternal             :     exinfo->inclusionlistnum   = 1
[LOG] SystemI::createSoundInternal             :     exinfo->suggestedsoundtype = 5
[LOG] SystemI::createSoundInternal             :     exinfo->initialseekpostype = 1
[LOG] SystemI::createSoundInternal             :     Stream 0/1: name='Space Ambience', format=2, channels=2, frequency=48000, lengthbytes=34176, lengthpcm=495936, pcmblocksize=0, loopstart=0, loopend=0, mode=0x00000000, channelmask=0x00000000, channelorder=0, peakvolume=0.045400.
[LOG] AsyncThread::threadFunc                  : Finished Asynchronous operation on sound 00000000496774B8
[LOG] AsyncThread::threadFunc                  : Starting Asynchronous operation on sound 0000000049677308
[LOG] SystemI::createSoundInternal             :     Create name='Assets\FMOD\Void\Build\Desktop/Master Bank.bank', mode=0x02010082
[LOG] SystemI::createSoundInternal             :     exinfo->cbsize             = 232
[LOG] SystemI::createSoundInternal             :     exinfo->length             = 2008672
[LOG] SystemI::createSoundInternal             :     exinfo->fileoffset         = 82400
[LOG] SystemI::createSoundInternal             :     exinfo->numsubsounds       = 1
[LOG] SystemI::createSoundInternal             :     exinfo->inclusionlist      = 0000000030315848
[LOG] SystemI::createSoundInternal             :     exinfo->inclusionlistnum   = 1
[LOG] SystemI::createSoundInternal             :     exinfo->suggestedsoundtype = 5
[LOG] SystemI::createSoundInternal             :     exinfo->initialseekpostype = 1
[LOG] SystemI::createSoundInternal             :     Stream 0/1: name='Ship Creaking_2', format=2, channels=2, frequency=48000, lengthbytes=98688, lengthpcm=509952, pcmblocksize=0, loopstart=0, loopend=0, mode=0x00000000, channelmask=0x00000000, channelorder=0, peakvolume=0.026360.
[LOG] AsyncThread::threadFunc                  : Finished Asynchronous operation on sound 0000000049677308
[LOG] SoundI::getSubSound                      : sound 00000000496774B8.  Subsound index 0 / 1
[LOG] SoundI::getSubSound                      : sound 0000000049677308.  Subsound index 0 / 1
[LOG] AsyncThread::threadFunc                  : Starting Asynchronous operation on sound 000000004939A7D8
[LOG] AsyncThread::threadFunc                  : Finished Asynchronous operation on sound 000000004939A7D8
[LOG] SoundI::release                          : Void Music (000000004939ACE8)
[LOG] SoundI::release                          :     Void Music (00000000448B5408)
[LOG] SoundI::release                          :     Void Music (000000004939A478)
[LOG] SoundI::release                          : Ship Creaking_2 (0000000049677308)
[LOG] SoundI::release                          :     Ship Creaking_2 (00000000448B6108)
[LOG] SoundI::release                          :     Ship Creaking_2 (000000004939A2C8)
[LOG] SoundI::release                          : Space Ambience (00000000496774B8)
[LOG] SoundI::release                          :     Space Ambience (00000000448B5748)
[LOG] SoundI::release                          :     Space Ambience (000000004939A7D8)
[LOG] SoundI::release                          :  (0000000002828268)
[LOG] SoundI::release                          :     Space Sounds_1 (00000000448B5268)
[LOG] SoundI::release                          :  (00000000028280F8)
[LOG] SoundI::release                          :     Ship Squeak (00000000448B55A8)
[LOG] SoundI::release                          :  (0000000002828DE8)
[LOG] SoundI::release                          :     Space Sounds_2 (00000000448B65E8)
[LOG] Thread::callback                         : FMOD Studio update thread finished.
[LOG] Thread::callback                         : FMOD Studio bank load thread finished.
[LOG] Profile::disconnectAll                   : Profiler disconnecting all clients
[LOG] Thread::callback                         : FMOD Studio sample load thread finished.
[LOG] LiveUpdate::release                      : 
[LOG] LiveUpdate::reset                        : Reset connection (reason Disconnected)
[LOG] Thread::callback                         : FMOD stream thread finished.
[LOG] Thread::callback                         : FMOD mixer thread finished.
[LOG] Profile::disconnectAll                   : Profiler disconnecting all clients
[LOG] Thread::callback                         : FMOD nonblocking thread (0) finished.
[LOG] Thread::callback                         : FMOD file thread finished.
[LOG] SystemI::close                           : Closed.
